sdfsfsf
2022-09-08 14:47:15.251  INFO 8146 --- [restartedMain] com.heptagon.demo.DemoApplication        : Starting DemoApplication using Java 11.0.16 on heptagon with PID 8146 (/home/heptagon/Workspace/demo/target/classes started by heptagon in /home/heptagon/Workspace/demo)
2022-09-08 14:47:15.253  INFO 8146 --- [restartedMain] com.heptagon.demo.DemoApplication        : No active profile set, falling back to 1 default profile: "default"
2022-09-08 14:47:15.328  INFO 8146 --- [restartedMain] .e.DevToolsPropertyDefaultsPostProcessor : For additional web related logging consider setting the 'logging.level.web' property to 'DEBUG'
2022-09-08 14:47:16.635  INFO 8146 --- [restartedMain] o.s.b.w.embedded.tomcat.TomcatWebServer  : Tomcat initialized with port(s): 8091 (http)
2022-09-08 14:47:16.651  INFO 8146 --- [restartedMain] o.apache.catalina.core.StandardService   : Starting service [Tomcat]
2022-09-08 14:47:16.652  INFO 8146 --- [restartedMain] org.apache.catalina.core.StandardEngine  : Starting Servlet engine: [Apache Tomcat/9.0.65]
2022-09-08 14:47:16.766  INFO 8146 --- [restartedMain] o.a.c.c.C.[Tomcat].[localhost].[/]       : Initializing Spring embedded WebApplicationContext
2022-09-08 14:47:16.767  INFO 8146 --- [restartedMain] w.s.c.ServletWebServerApplicationContext : Root WebApplicationContext: initialization completed in 1438 ms
2022-09-08 14:47:16.844  INFO 8146 --- [restartedMain] c.h.demo.controller.EmployeeController   : Inside createList
2022-09-08 14:47:18.057  INFO 8146 --- [restartedMain] o.s.b.d.a.OptionalLiveReloadServer       : LiveReload server is running on port 35729
2022-09-08 14:47:18.165  INFO 8146 --- [restartedMain] o.s.b.w.embedded.tomcat.TomcatWebServer  : Tomcat started on port(s): 8091 (http) with context path ''
2022-09-08 14:47:18.184  INFO 8146 --- [restartedMain] com.heptagon.demo.DemoApplication        : Started DemoApplication in 3.541 seconds (JVM running for 4.135)
2022-09-08 15:23:41.906  INFO 8146 --- [http-nio-8091-exec-1] o.a.c.c.C.[Tomcat].[localhost].[/]       : Initializing Spring DispatcherServlet 'dispatcherServlet'
2022-09-08 15:23:41.907  INFO 8146 --- [http-nio-8091-exec-1] o.s.web.servlet.DispatcherServlet        : Initializing Servlet 'dispatcherServlet'
2022-09-08 15:23:41.910  INFO 8146 --- [http-nio-8091-exec-1] o.s.web.servlet.DispatcherServlet        : Completed initialization in 2 ms
2022-09-08 15:23:42.536  INFO 8146 --- [http-nio-8091-exec-3] o.springdoc.api.AbstractOpenApiResource  : Init duration for springdoc-openapi is: 295 ms
2022-09-08 15:25:47.590  INFO 8146 --- [http-nio-8091-exec-6] c.h.demo.controller.EmployeeController   : Inside create
2022-09-08 15:26:15.944  INFO 8146 --- [http-nio-8091-exec-8] c.h.demo.controller.EmployeeController   : Inside firstPage
2022-09-08 15:26:46.238  INFO 8146 --- [http-nio-8091-exec-9] c.h.demo.controller.EmployeeController   : Inside delete
2022-09-08 15:28:31.895  INFO 9431 --- [restartedMain] com.heptagon.demo.DemoApplication        : Starting DemoApplication using Java 11.0.16 on heptagon with PID 9431 (/home/heptagon/Workspace/demo/target/classes started by heptagon in /home/heptagon/Workspace/demo)
2022-09-08 15:28:31.898  INFO 9431 --- [restartedMain] com.heptagon.demo.DemoApplication        : No active profile set, falling back to 1 default profile: "default"
2022-09-08 15:28:31.976  INFO 9431 --- [restartedMain] .e.DevToolsPropertyDefaultsPostProcessor : For additional web related logging consider setting the 'logging.level.web' property to 'DEBUG'
2022-09-08 15:28:33.351  INFO 9431 --- [restartedMain] o.s.b.w.embedded.tomcat.TomcatWebServer  : Tomcat initialized with port(s): 8091 (http)
2022-09-08 15:28:33.367  INFO 9431 --- [restartedMain] o.apache.catalina.core.StandardService   : Starting service [Tomcat]
2022-09-08 15:28:33.367  INFO 9431 --- [restartedMain] org.apache.catalina.core.StandardEngine  : Starting Servlet engine: [Apache Tomcat/9.0.65]
2022-09-08 15:28:33.498  INFO 9431 --- [restartedMain] o.a.c.c.C.[Tomcat].[localhost].[/]       : Initializing Spring embedded WebApplicationContext
2022-09-08 15:28:33.499  INFO 9431 --- [restartedMain] w.s.c.ServletWebServerApplicationContext : Root WebApplicationContext: initialization completed in 1522 ms
2022-09-08 15:28:33.578  INFO 9431 --- [restartedMain] c.h.demo.controller.EmployeeController   : Inside createList
2022-09-08 15:28:34.778  INFO 9431 --- [restartedMain] o.s.b.d.a.OptionalLiveReloadServer       : LiveReload server is running on port 35729
2022-09-08 15:28:34.819  INFO 9431 --- [restartedMain] o.s.b.w.embedded.tomcat.TomcatWebServer  : Tomcat started on port(s): 8091 (http) with context path ''
2022-09-08 15:28:34.837  INFO 9431 --- [restartedMain] com.heptagon.demo.DemoApplication        : Started DemoApplication in 3.655 seconds (JVM running for 4.327)
2022-09-08 15:28:51.094  INFO 9431 --- [http-nio-8091-exec-1] o.a.c.c.C.[Tomcat].[localhost].[/]       : Initializing Spring DispatcherServlet 'dispatcherServlet'
2022-09-08 15:28:51.094  INFO 9431 --- [http-nio-8091-exec-1] o.s.web.servlet.DispatcherServlet        : Initializing Servlet 'dispatcherServlet'
2022-09-08 15:28:51.096  INFO 9431 --- [http-nio-8091-exec-1] o.s.web.servlet.DispatcherServlet        : Completed initialization in 1 ms
2022-09-08 15:28:51.767  INFO 9431 --- [http-nio-8091-exec-3] o.springdoc.api.AbstractOpenApiResource  : Init duration for springdoc-openapi is: 316 ms
